INFO:Data Dim:[784, 30, 30, 10]
INFO:Iteration 0, actual_batch_size 50, batch_loss 2.29926681519, acc 0.0799999982119
INFO:Iteration 20, actual_batch_size 50, batch_loss 2.51019310951, acc 0.239999994636
INFO:Iteration 40, actual_batch_size 50, batch_loss 1.41508877277, acc 0.519999980927
INFO:Iteration 60, actual_batch_size 50, batch_loss 0.825351774693, acc 0.719999969006
INFO:Iteration 80, actual_batch_size 50, batch_loss 1.05710887909, acc 0.620000004768
INFO:Iteration 100, actual_batch_size 50, batch_loss 0.707916557789, acc 0.740000009537
INFO:Iteration 120, actual_batch_size 50, batch_loss 1.10596251488, acc 0.620000004768
INFO:Iteration 140, actual_batch_size 50, batch_loss 0.874803483486, acc 0.699999988079
INFO:Iteration 160, actual_batch_size 50, batch_loss 0.66157501936, acc 0.77999997139
INFO:Iteration 180, actual_batch_size 50, batch_loss 0.713787615299, acc 0.77999997139
INFO:Iteration 200, actual_batch_size 50, batch_loss 0.395059347153, acc 0.899999976158
INFO:Iteration 220, actual_batch_size 50, batch_loss 0.484815359116, acc 0.860000014305
INFO:Iteration 240, actual_batch_size 50, batch_loss 0.353045970201, acc 0.879999995232
INFO:Iteration 260, actual_batch_size 50, batch_loss 0.428553462029, acc 0.839999973774
INFO:Iteration 280, actual_batch_size 50, batch_loss 0.259493052959, acc 0.879999995232
INFO:Iteration 300, actual_batch_size 50, batch_loss 0.213724598289, acc 0.959999978542
INFO:Iteration 320, actual_batch_size 50, batch_loss 0.465589910746, acc 0.879999995232
INFO:Iteration 340, actual_batch_size 50, batch_loss 0.54601919651, acc 0.839999914169
INFO:Iteration 360, actual_batch_size 50, batch_loss 0.606377780437, acc 0.839999973774
INFO:Iteration 380, actual_batch_size 50, batch_loss 0.33936226368, acc 0.879999995232
INFO:Iteration 400, actual_batch_size 50, batch_loss 0.196195602417, acc 0.939999938011
INFO:Iteration 420, actual_batch_size 50, batch_loss 0.379654318094, acc 0.860000014305
INFO:Iteration 440, actual_batch_size 50, batch_loss 0.299873322248, acc 0.920000016689
INFO:Iteration 460, actual_batch_size 50, batch_loss 0.652409374714, acc 0.840000033379
INFO:Iteration 480, actual_batch_size 50, batch_loss 0.322938144207, acc 0.880000054836
INFO:Iteration 500, actual_batch_size 50, batch_loss 0.271798849106, acc 0.94000005722
INFO:Iteration 520, actual_batch_size 50, batch_loss 0.819373011589, acc 0.800000011921
INFO:Iteration 540, actual_batch_size 50, batch_loss 0.214385524392, acc 0.94000005722
INFO:Iteration 560, actual_batch_size 50, batch_loss 0.342858731747, acc 0.900000035763
INFO:Iteration 580, actual_batch_size 50, batch_loss 0.358082085848, acc 0.919999957085
INFO:Iteration 600, actual_batch_size 50, batch_loss 0.162258222699, acc 0.959999978542
INFO:Iteration 620, actual_batch_size 50, batch_loss 0.494690090418, acc 0.839999973774
INFO:Iteration 640, actual_batch_size 50, batch_loss 0.370332837105, acc 0.920000016689
INFO:Iteration 660, actual_batch_size 50, batch_loss 0.357385993004, acc 0.880000054836
INFO:Iteration 680, actual_batch_size 50, batch_loss 0.302150428295, acc 0.879999995232
INFO:Iteration 700, actual_batch_size 50, batch_loss 0.140601500869, acc 0.939999997616
INFO:Iteration 720, actual_batch_size 50, batch_loss 0.618788540363, acc 0.879999935627
INFO:Iteration 740, actual_batch_size 50, batch_loss 0.360078930855, acc 0.920000016689
INFO:Iteration 760, actual_batch_size 50, batch_loss 0.319236189127, acc 0.899999976158
INFO:Iteration 780, actual_batch_size 50, batch_loss 0.346696257591, acc 0.920000016689
INFO:Iteration 800, actual_batch_size 50, batch_loss 0.457181483507, acc 0.879999995232
INFO:Iteration 820, actual_batch_size 50, batch_loss 0.205749511719, acc 0.94000005722
INFO:Iteration 840, actual_batch_size 50, batch_loss 0.44012221694, acc 0.920000016689
INFO:Iteration 860, actual_batch_size 50, batch_loss 0.315946489573, acc 0.899999976158
INFO:Iteration 880, actual_batch_size 50, batch_loss 0.0819074884057, acc 0.959999978542
INFO:Iteration 900, actual_batch_size 50, batch_loss 0.315500169992, acc 0.919999957085
INFO:Iteration 920, actual_batch_size 50, batch_loss 0.100566387177, acc 0.960000038147
INFO:Iteration 940, actual_batch_size 50, batch_loss 0.166690438986, acc 0.980000019073
INFO:Iteration 960, actual_batch_size 50, batch_loss 0.293502509594, acc 0.939999997616
INFO:Iteration 980, actual_batch_size 50, batch_loss 0.172095507383, acc 0.939999997616
INFO:Iteration 1000, actual_batch_size 50, batch_loss 0.107273668051, acc 0.980000019073
INFO:Iteration 1020, actual_batch_size 50, batch_loss 0.155455812812, acc 0.919999957085
INFO:Iteration 1040, actual_batch_size 50, batch_loss 0.330933064222, acc 0.8599999547
INFO:Iteration 1060, actual_batch_size 50, batch_loss 0.0817468836904, acc 0.980000019073
INFO:Iteration 1080, actual_batch_size 50, batch_loss 0.174812123179, acc 0.939999997616
INFO:Iteration 1100, actual_batch_size 50, batch_loss 0.2625605762, acc 0.920000016689
INFO:Iteration 1120, actual_batch_size 50, batch_loss 0.148847058415, acc 0.94000005722
INFO:Iteration 1140, actual_batch_size 50, batch_loss 0.242583155632, acc 0.939999997616
INFO:Iteration 1160, actual_batch_size 50, batch_loss 0.0814209207892, acc 1.0
INFO:Iteration 1180, actual_batch_size 50, batch_loss 0.131753832102, acc 0.980000019073
INFO:Iteration 1200, actual_batch_size 50, batch_loss 0.0568216405809, acc 0.979999959469
INFO:Iteration 1220, actual_batch_size 50, batch_loss 0.11494205147, acc 0.959999978542
INFO:Iteration 1240, actual_batch_size 50, batch_loss 0.105821803212, acc 0.979999959469
INFO:Iteration 1260, actual_batch_size 50, batch_loss 0.234324380755, acc 0.920000016689
INFO:Iteration 1280, actual_batch_size 50, batch_loss 0.279471665621, acc 0.899999976158
INFO:Iteration 1300, actual_batch_size 50, batch_loss 0.191870257258, acc 0.920000016689
INFO:Iteration 1320, actual_batch_size 50, batch_loss 0.191941216588, acc 0.919999957085
INFO:Iteration 1340, actual_batch_size 50, batch_loss 0.247726559639, acc 0.920000016689
INFO:Iteration 1360, actual_batch_size 50, batch_loss 0.390180021524, acc 0.899999976158
INFO:Iteration 1380, actual_batch_size 50, batch_loss 0.108515590429, acc 0.980000019073
INFO:Iteration 1400, actual_batch_size 50, batch_loss 0.0760283917189, acc 0.980000019073
INFO:Iteration 1420, actual_batch_size 50, batch_loss 0.124201372266, acc 0.959999978542
INFO:Iteration 1440, actual_batch_size 50, batch_loss 0.235870301723, acc 0.919999957085
INFO:Iteration 1460, actual_batch_size 50, batch_loss 0.36888641119, acc 0.920000016689
INFO:Iteration 1480, actual_batch_size 50, batch_loss 0.118924356997, acc 0.979999959469
INFO:Iteration 1500, actual_batch_size 50, batch_loss 0.141134291887, acc 0.959999978542
INFO:Iteration 1520, actual_batch_size 50, batch_loss 0.10365152359, acc 0.980000019073
INFO:Iteration 1540, actual_batch_size 50, batch_loss 0.283185571432, acc 0.959999978542
INFO:Iteration 1560, actual_batch_size 50, batch_loss 0.1511708498, acc 0.939999938011
INFO:Iteration 1580, actual_batch_size 50, batch_loss 0.174713522196, acc 0.920000016689
INFO:Iteration 1600, actual_batch_size 50, batch_loss 0.282019436359, acc 0.880000054836
INFO:Iteration 1620, actual_batch_size 50, batch_loss 0.249287262559, acc 0.979999959469
INFO:Iteration 1640, actual_batch_size 50, batch_loss 0.0326794013381, acc 1.0
INFO:Iteration 1660, actual_batch_size 50, batch_loss 0.18175765872, acc 0.920000016689
INFO:Iteration 1680, actual_batch_size 50, batch_loss 0.164385527372, acc 0.959999978542
INFO:Iteration 1700, actual_batch_size 50, batch_loss 0.0665576085448, acc 0.980000019073
INFO:Iteration 1720, actual_batch_size 50, batch_loss 0.18491987884, acc 0.939999997616
INFO:Iteration 1740, actual_batch_size 50, batch_loss 0.0835570544004, acc 0.980000019073
INFO:Iteration 1760, actual_batch_size 50, batch_loss 0.182628974319, acc 0.939999997616
INFO:Iteration 1780, actual_batch_size 50, batch_loss 0.224895969033, acc 0.899999976158
INFO:Iteration 1800, actual_batch_size 50, batch_loss 0.230831325054, acc 0.939999997616
INFO:Iteration 1820, actual_batch_size 50, batch_loss 0.165206432343, acc 0.959999978542
INFO:Iteration 1840, actual_batch_size 50, batch_loss 0.0945835858583, acc 0.980000019073
INFO:Iteration 1860, actual_batch_size 50, batch_loss 0.0698883160949, acc 0.979999959469
INFO:Iteration 1880, actual_batch_size 50, batch_loss 0.128229096532, acc 0.960000038147
INFO:Iteration 1900, actual_batch_size 50, batch_loss 0.285752147436, acc 0.920000016689
INFO:Iteration 1920, actual_batch_size 50, batch_loss 0.121510960162, acc 0.94000005722
INFO:Iteration 1940, actual_batch_size 50, batch_loss 0.163610249758, acc 0.939999997616
INFO:Iteration 1960, actual_batch_size 50, batch_loss 0.368201762438, acc 0.899999976158
INFO:Iteration 1980, actual_batch_size 50, batch_loss 0.179891467094, acc 0.919999957085
INFO:Iteration 2000, actual_batch_size 50, batch_loss 0.500016927719, acc 0.860000014305
INFO:Iteration 2020, actual_batch_size 50, batch_loss 0.0457787699997, acc 0.979999959469
INFO:Iteration 2040, actual_batch_size 50, batch_loss 0.0655026510358, acc 0.979999959469
INFO:Iteration 2060, actual_batch_size 50, batch_loss 0.19354198873, acc 0.959999978542
INFO:Iteration 2080, actual_batch_size 50, batch_loss 0.137760385871, acc 0.939999997616
INFO:Iteration 2100, actual_batch_size 50, batch_loss 0.201997101307, acc 0.939999997616
INFO:Iteration 2120, actual_batch_size 50, batch_loss 0.179767265916, acc 0.920000016689
INFO:Iteration 2140, actual_batch_size 50, batch_loss 0.286487102509, acc 0.8599999547
INFO:Iteration 2160, actual_batch_size 50, batch_loss 0.0362460315228, acc 1.0
INFO:Iteration 2180, actual_batch_size 50, batch_loss 0.173275411129, acc 0.959999978542
INFO:Iteration 2200, actual_batch_size 50, batch_loss 0.269518971443, acc 0.939999997616
INFO:Iteration 2220, actual_batch_size 50, batch_loss 0.36297121644, acc 0.960000038147
INFO:Iteration 2240, actual_batch_size 50, batch_loss 0.132377833128, acc 0.960000038147
INFO:Iteration 2260, actual_batch_size 50, batch_loss 0.061519280076, acc 0.980000019073
INFO:Iteration 2280, actual_batch_size 50, batch_loss 0.0796063169837, acc 0.980000019073
INFO:Iteration 2300, actual_batch_size 50, batch_loss 0.0997107699513, acc 0.980000019073
INFO:Iteration 2320, actual_batch_size 50, batch_loss 0.141225636005, acc 0.960000038147
INFO:Iteration 2340, actual_batch_size 50, batch_loss 0.0311401244253, acc 1.0
INFO:Iteration 2360, actual_batch_size 50, batch_loss 0.0559435971081, acc 0.980000019073
INFO:Iteration 2380, actual_batch_size 50, batch_loss 0.318136483431, acc 0.8599999547
INFO:Iteration 2400, actual_batch_size 50, batch_loss 0.164484649897, acc 0.939999997616
INFO:Iteration 2420, actual_batch_size 50, batch_loss 0.095341399312, acc 0.979999959469
INFO:Iteration 2440, actual_batch_size 50, batch_loss 0.203539088368, acc 0.919999957085
INFO:Iteration 2460, actual_batch_size 50, batch_loss 0.0715570598841, acc 0.979999959469
INFO:Iteration 2480, actual_batch_size 50, batch_loss 0.0717179477215, acc 0.980000019073
INFO:Iteration 2500, actual_batch_size 50, batch_loss 0.194526463747, acc 0.94000005722
INFO:Iteration 2520, actual_batch_size 50, batch_loss 0.148121580482, acc 0.939999938011
INFO:Iteration 2540, actual_batch_size 50, batch_loss 0.0794120654464, acc 0.980000019073
INFO:Iteration 2560, actual_batch_size 50, batch_loss 0.226113468409, acc 0.919999957085
INFO:Iteration 2580, actual_batch_size 50, batch_loss 0.124358460307, acc 0.980000019073
INFO:Iteration 2600, actual_batch_size 50, batch_loss 0.121276825666, acc 0.979999959469
INFO:Iteration 2620, actual_batch_size 50, batch_loss 0.152112826705, acc 0.939999997616
INFO:Iteration 2640, actual_batch_size 50, batch_loss 0.211241319776, acc 0.959999978542
INFO:Iteration 2660, actual_batch_size 50, batch_loss 0.100626371801, acc 0.959999978542
INFO:Iteration 2680, actual_batch_size 50, batch_loss 0.206155225635, acc 0.980000019073
INFO:Iteration 2700, actual_batch_size 50, batch_loss 0.0188387464732, acc 1.0
INFO:Iteration 2720, actual_batch_size 50, batch_loss 0.290361166, acc 0.920000016689
INFO:Iteration 2740, actual_batch_size 50, batch_loss 0.0766365081072, acc 1.0
INFO:Iteration 2760, actual_batch_size 50, batch_loss 0.23901668191, acc 0.939999997616
INFO:Iteration 2780, actual_batch_size 50, batch_loss 0.112344130874, acc 0.960000038147
INFO:Iteration 2800, actual_batch_size 50, batch_loss 0.0242164842784, acc 1.0
INFO:Iteration 2820, actual_batch_size 50, batch_loss 0.214664682746, acc 0.920000016689
INFO:Iteration 2840, actual_batch_size 50, batch_loss 0.122444696724, acc 0.94000005722
INFO:Iteration 2860, actual_batch_size 50, batch_loss 0.127404928207, acc 0.979999959469
INFO:Iteration 2880, actual_batch_size 50, batch_loss 0.128722816706, acc 0.939999938011
INFO:Iteration 2900, actual_batch_size 50, batch_loss 0.235575214028, acc 0.899999976158
INFO:Iteration 2920, actual_batch_size 50, batch_loss 0.11701464653, acc 0.959999978542
INFO:Iteration 2940, actual_batch_size 50, batch_loss 0.347471684217, acc 0.860000014305
INFO:Iteration 2960, actual_batch_size 50, batch_loss 0.26012507081, acc 0.920000016689
INFO:Iteration 2980, actual_batch_size 50, batch_loss 0.0801605135202, acc 0.959999978542
INFO:Iteration 3000, actual_batch_size 50, batch_loss 0.0638928189874, acc 0.980000019073
INFO:Iteration 3020, actual_batch_size 50, batch_loss 0.102749176323, acc 0.939999997616
INFO:Iteration 3040, actual_batch_size 50, batch_loss 0.0388552360237, acc 0.979999959469
INFO:Iteration 3060, actual_batch_size 50, batch_loss 0.0355917625129, acc 1.0
INFO:Iteration 3080, actual_batch_size 50, batch_loss 0.229084089398, acc 0.919999957085
INFO:Iteration 3100, actual_batch_size 50, batch_loss 0.24930088222, acc 0.94000005722
INFO:Iteration 3120, actual_batch_size 50, batch_loss 0.141627445817, acc 0.959999978542
INFO:Iteration 3140, actual_batch_size 50, batch_loss 0.230852246284, acc 0.939999997616
INFO:Iteration 3160, actual_batch_size 50, batch_loss 0.0441438630223, acc 0.980000019073
INFO:Iteration 3180, actual_batch_size 50, batch_loss 0.0281176026911, acc 0.979999959469
INFO:Iteration 3200, actual_batch_size 50, batch_loss 0.107892744243, acc 0.959999978542
INFO:Iteration 3220, actual_batch_size 50, batch_loss 0.00806700717658, acc 1.0
INFO:Iteration 3240, actual_batch_size 50, batch_loss 0.12960781157, acc 0.959999978542
INFO:Iteration 3260, actual_batch_size 50, batch_loss 0.155285686255, acc 0.939999997616
INFO:Iteration 3280, actual_batch_size 50, batch_loss 0.0738268122077, acc 0.980000019073
INFO:Iteration 3300, actual_batch_size 50, batch_loss 0.173581138253, acc 0.939999997616
INFO:Iteration 3320, actual_batch_size 50, batch_loss 0.233473956585, acc 0.939999997616
INFO:Iteration 3340, actual_batch_size 50, batch_loss 0.238904118538, acc 0.920000016689
INFO:Iteration 3360, actual_batch_size 50, batch_loss 0.329655230045, acc 0.939999938011
INFO:Iteration 3380, actual_batch_size 50, batch_loss 0.138254761696, acc 0.960000038147
INFO:Iteration 3400, actual_batch_size 50, batch_loss 0.0846003443003, acc 0.980000019073
INFO:Iteration 3420, actual_batch_size 50, batch_loss 0.0837732627988, acc 0.939999938011
INFO:Iteration 3440, actual_batch_size 50, batch_loss 0.149670422077, acc 0.959999978542
INFO:Iteration 3460, actual_batch_size 50, batch_loss 0.167126223445, acc 0.960000038147
INFO:Iteration 3480, actual_batch_size 50, batch_loss 0.0210038013756, acc 1.0
INFO:Iteration 3500, actual_batch_size 50, batch_loss 0.0279690548778, acc 1.0
INFO:Iteration 3520, actual_batch_size 50, batch_loss 0.230832383037, acc 0.920000016689
INFO:Iteration 3540, actual_batch_size 50, batch_loss 0.205591693521, acc 0.920000016689
INFO:Iteration 3560, actual_batch_size 50, batch_loss 0.109144859016, acc 0.959999978542
INFO:Iteration 3580, actual_batch_size 50, batch_loss 0.056803714484, acc 0.980000019073
INFO:Iteration 3600, actual_batch_size 50, batch_loss 0.0180286131799, acc 1.0
INFO:Iteration 3620, actual_batch_size 50, batch_loss 0.178577035666, acc 0.959999978542
INFO:Iteration 3640, actual_batch_size 50, batch_loss 0.0651825293899, acc 0.979999959469
INFO:Iteration 3660, actual_batch_size 50, batch_loss 0.00839859992266, acc 1.0
INFO:Iteration 3680, actual_batch_size 50, batch_loss 0.121920414269, acc 0.959999978542
INFO:Iteration 3700, actual_batch_size 50, batch_loss 0.109777271748, acc 0.980000019073
INFO:Iteration 3720, actual_batch_size 50, batch_loss 0.111959971488, acc 0.959999978542
INFO:Iteration 3740, actual_batch_size 50, batch_loss 0.109088309109, acc 0.979999959469
INFO:Iteration 3760, actual_batch_size 50, batch_loss 0.0404279716313, acc 0.979999959469
INFO:Iteration 3780, actual_batch_size 50, batch_loss 0.413728863001, acc 0.94000005722
INFO:Iteration 3800, actual_batch_size 50, batch_loss 0.189781844616, acc 0.919999957085
INFO:Iteration 3820, actual_batch_size 50, batch_loss 0.0538790598512, acc 0.980000019073
INFO:Iteration 3840, actual_batch_size 50, batch_loss 0.151537373662, acc 0.959999978542
INFO:Iteration 3860, actual_batch_size 50, batch_loss 0.0437071435153, acc 1.0
INFO:Iteration 3880, actual_batch_size 50, batch_loss 0.0900150090456, acc 0.980000019073
INFO:Iteration 3900, actual_batch_size 50, batch_loss 0.131194651127, acc 0.920000016689
INFO:Iteration 3920, actual_batch_size 50, batch_loss 0.197995051742, acc 0.920000016689
INFO:Iteration 3940, actual_batch_size 50, batch_loss 0.146245911717, acc 0.959999978542
INFO:Iteration 3960, actual_batch_size 50, batch_loss 0.0789490044117, acc 0.959999978542
INFO:Iteration 3980, actual_batch_size 50, batch_loss 0.0686028003693, acc 0.980000019073
INFO:Iteration 4000, actual_batch_size 50, batch_loss 0.0936204344034, acc 0.939999997616
INFO:Iteration 4020, actual_batch_size 50, batch_loss 0.285241991282, acc 0.94000005722
INFO:Iteration 4040, actual_batch_size 50, batch_loss 0.150718167424, acc 0.979999959469
INFO:Iteration 4060, actual_batch_size 50, batch_loss 0.340448975563, acc 0.939999997616
INFO:Iteration 4080, actual_batch_size 50, batch_loss 0.136899128556, acc 0.94000005722
INFO:Iteration 4100, actual_batch_size 50, batch_loss 0.0108620692044, acc 1.0
INFO:Iteration 4120, actual_batch_size 50, batch_loss 0.189351126552, acc 0.959999978542
INFO:Iteration 4140, actual_batch_size 50, batch_loss 0.245640456676, acc 0.939999997616
INFO:Iteration 4160, actual_batch_size 50, batch_loss 0.223973706365, acc 0.939999997616
INFO:Iteration 4180, actual_batch_size 50, batch_loss 0.0954885259271, acc 0.959999978542
INFO:Iteration 4200, actual_batch_size 50, batch_loss 0.113743394613, acc 0.960000038147
INFO:Iteration 4220, actual_batch_size 50, batch_loss 0.0675821453333, acc 0.960000038147
INFO:Iteration 4240, actual_batch_size 50, batch_loss 0.0422462075949, acc 1.0
INFO:Iteration 4260, actual_batch_size 50, batch_loss 0.30158546567, acc 0.920000016689
INFO:Iteration 4280, actual_batch_size 50, batch_loss 0.212172999978, acc 0.94000005722
INFO:Iteration 4300, actual_batch_size 50, batch_loss 0.173413664103, acc 0.939999938011
INFO:Iteration 4320, actual_batch_size 50, batch_loss 0.210938155651, acc 0.939999997616
INFO:Iteration 4340, actual_batch_size 50, batch_loss 0.304113388062, acc 0.900000035763
INFO:Iteration 4360, actual_batch_size 50, batch_loss 0.220634892583, acc 0.919999957085
INFO:Iteration 4380, actual_batch_size 50, batch_loss 0.106086596847, acc 0.980000019073
INFO:Iteration 4400, actual_batch_size 50, batch_loss 0.07748978585, acc 0.960000038147
INFO:Iteration 4420, actual_batch_size 50, batch_loss 0.14643125236, acc 0.960000038147
INFO:Iteration 4440, actual_batch_size 50, batch_loss 0.105387374759, acc 0.980000019073
INFO:Iteration 4460, actual_batch_size 50, batch_loss 0.0612118244171, acc 0.980000019073
INFO:Iteration 4480, actual_batch_size 50, batch_loss 0.39111328125, acc 0.939999997616
INFO:Iteration 4500, actual_batch_size 50, batch_loss 0.0128048276529, acc 1.0
INFO:Iteration 4520, actual_batch_size 50, batch_loss 0.00963010080159, acc 1.0
INFO:Iteration 4540, actual_batch_size 50, batch_loss 0.0886106863618, acc 0.980000019073
INFO:Iteration 4560, actual_batch_size 50, batch_loss 0.0518867596984, acc 0.979999959469
INFO:Iteration 4580, actual_batch_size 50, batch_loss 0.0767795741558, acc 0.979999959469
INFO:Iteration 4600, actual_batch_size 50, batch_loss 0.133574008942, acc 0.959999978542
INFO:Iteration 4620, actual_batch_size 50, batch_loss 0.11699604243, acc 0.979999959469
INFO:Iteration 4640, actual_batch_size 50, batch_loss 0.148225903511, acc 0.980000019073
INFO:Iteration 4660, actual_batch_size 50, batch_loss 0.0543232858181, acc 0.980000019073
INFO:Iteration 4680, actual_batch_size 50, batch_loss 0.0659601017833, acc 0.979999959469
INFO:Iteration 4700, actual_batch_size 50, batch_loss 0.0846184268594, acc 0.960000038147
INFO:Iteration 4720, actual_batch_size 50, batch_loss 0.196165576577, acc 0.959999978542
INFO:Iteration 4740, actual_batch_size 50, batch_loss 0.0650619640946, acc 0.979999959469
INFO:Iteration 4760, actual_batch_size 50, batch_loss 0.0344770662487, acc 1.0
INFO:Iteration 4780, actual_batch_size 50, batch_loss 0.00903777219355, acc 1.0
INFO:Iteration 4800, actual_batch_size 50, batch_loss 0.183660566807, acc 0.94000005722
INFO:Iteration 4820, actual_batch_size 50, batch_loss 0.103920832276, acc 0.959999978542
INFO:Iteration 4840, actual_batch_size 50, batch_loss 0.0194415450096, acc 1.0
INFO:Iteration 4860, actual_batch_size 50, batch_loss 0.0442372076213, acc 0.979999959469
INFO:Iteration 4880, actual_batch_size 50, batch_loss 0.219139769673, acc 0.900000035763
INFO:Iteration 4900, actual_batch_size 50, batch_loss 0.15768994391, acc 0.959999978542
INFO:Iteration 4920, actual_batch_size 50, batch_loss 0.235674664378, acc 0.959999978542
INFO:Iteration 4940, actual_batch_size 50, batch_loss 0.126369774342, acc 0.960000038147
INFO:Iteration 4960, actual_batch_size 50, batch_loss 0.126281306148, acc 0.979999959469
INFO:Iteration 4980, actual_batch_size 50, batch_loss 0.16660694778, acc 0.920000016689
INFO:Iteration 5000, actual_batch_size 50, batch_loss 0.270199686289, acc 0.920000016689
INFO:Iteration 5020, actual_batch_size 50, batch_loss 0.0719083547592, acc 0.980000019073
INFO:Iteration 5040, actual_batch_size 50, batch_loss 0.0442617051303, acc 0.979999959469
INFO:Iteration 5060, actual_batch_size 50, batch_loss 0.234343871474, acc 0.939999997616
INFO:Iteration 5080, actual_batch_size 50, batch_loss 0.0162788499147, acc 1.0
INFO:Iteration 5100, actual_batch_size 50, batch_loss 0.161517351866, acc 0.939999997616
INFO:Iteration 5120, actual_batch_size 50, batch_loss 0.073185890913, acc 0.959999978542
INFO:Iteration 5140, actual_batch_size 50, batch_loss 0.124597400427, acc 0.960000038147
INFO:Iteration 5160, actual_batch_size 50, batch_loss 0.0277402307838, acc 1.0
INFO:Iteration 5180, actual_batch_size 50, batch_loss 0.0782369300723, acc 0.959999978542
INFO:Iteration 5200, actual_batch_size 50, batch_loss 0.088668987155, acc 0.980000019073
INFO:Iteration 5220, actual_batch_size 50, batch_loss 0.0497558116913, acc 0.980000019073
INFO:Iteration 5240, actual_batch_size 50, batch_loss 0.0220843069255, acc 1.0
INFO:Iteration 5260, actual_batch_size 50, batch_loss 0.157721310854, acc 0.980000019073
INFO:Iteration 5280, actual_batch_size 50, batch_loss 0.188381880522, acc 0.959999978542
INFO:Iteration 5300, actual_batch_size 50, batch_loss 0.0173175781965, acc 1.0
INFO:Iteration 5320, actual_batch_size 50, batch_loss 0.0272432062775, acc 1.0
INFO:Iteration 5340, actual_batch_size 50, batch_loss 0.0505421981215, acc 0.980000019073
INFO:Iteration 5360, actual_batch_size 50, batch_loss 0.114493981004, acc 0.959999978542
INFO:Iteration 5380, actual_batch_size 50, batch_loss 0.0640221089125, acc 0.959999978542
INFO:Iteration 5400, actual_batch_size 50, batch_loss 0.0766491666436, acc 0.960000038147
INFO:Iteration 5420, actual_batch_size 50, batch_loss 0.115338996053, acc 0.960000038147
INFO:Iteration 5440, actual_batch_size 50, batch_loss 0.364266097546, acc 0.899999976158
INFO:Iteration 5460, actual_batch_size 50, batch_loss 0.0235027261078, acc 1.0
INFO:Iteration 5480, actual_batch_size 50, batch_loss 0.39614418149, acc 0.959999978542
INFO:Iteration 5500, actual_batch_size 50, batch_loss 0.409972727299, acc 0.879999995232
INFO:Iteration 5520, actual_batch_size 50, batch_loss 0.290662258863, acc 0.939999997616
INFO:Iteration 5540, actual_batch_size 50, batch_loss 0.146692737937, acc 0.919999957085
INFO:Iteration 5560, actual_batch_size 50, batch_loss 0.0872215181589, acc 0.959999978542
INFO:Iteration 5580, actual_batch_size 50, batch_loss 0.0892760455608, acc 0.980000019073
INFO:Iteration 5600, actual_batch_size 50, batch_loss 0.240001544356, acc 0.939999997616
INFO:Iteration 5620, actual_batch_size 50, batch_loss 0.0918705463409, acc 0.939999997616
INFO:Iteration 5640, actual_batch_size 50, batch_loss 0.0290523860604, acc 0.980000019073
INFO:Iteration 5660, actual_batch_size 50, batch_loss 0.0860590189695, acc 0.979999959469
INFO:Iteration 5680, actual_batch_size 50, batch_loss 0.149095326662, acc 0.979999959469
INFO:Iteration 5700, actual_batch_size 50, batch_loss 0.156104594469, acc 0.960000038147
INFO:Iteration 5720, actual_batch_size 50, batch_loss 0.0410315133631, acc 0.979999959469
INFO:Iteration 5740, actual_batch_size 50, batch_loss 0.197773233056, acc 0.939999997616
INFO:Iteration 5760, actual_batch_size 50, batch_loss 0.0540534704924, acc 0.979999959469
INFO:Iteration 5780, actual_batch_size 50, batch_loss 0.0507123991847, acc 0.980000019073
INFO:Iteration 5800, actual_batch_size 50, batch_loss 0.126035392284, acc 0.919999957085
INFO:Iteration 5820, actual_batch_size 50, batch_loss 0.133594080806, acc 0.939999997616
INFO:Iteration 5840, actual_batch_size 50, batch_loss 0.255102068186, acc 0.920000016689
INFO:Iteration 5860, actual_batch_size 50, batch_loss 0.112370155752, acc 0.959999978542
INFO:Iteration 5880, actual_batch_size 50, batch_loss 0.149758800864, acc 0.960000038147
INFO:Iteration 5900, actual_batch_size 50, batch_loss 0.139780372381, acc 0.959999978542
INFO:Iteration 5920, actual_batch_size 50, batch_loss 0.0115754678845, acc 1.0
INFO:Iteration 5940, actual_batch_size 50, batch_loss 0.0416634269059, acc 0.979999959469
INFO:Iteration 5960, actual_batch_size 50, batch_loss 0.0709776431322, acc 0.959999978542
INFO:Iteration 5980, actual_batch_size 50, batch_loss 0.0342358201742, acc 1.0
INFO:Iteration 6000, actual_batch_size 50, batch_loss 0.0351024307311, acc 1.0
INFO:Iteration 6020, actual_batch_size 50, batch_loss 0.0769223868847, acc 0.960000038147
INFO:Iteration 6040, actual_batch_size 50, batch_loss 0.117980651557, acc 0.959999978542
INFO:Iteration 6060, actual_batch_size 50, batch_loss 0.0112911881879, acc 1.0
INFO:Iteration 6080, actual_batch_size 50, batch_loss 0.254976689816, acc 0.939999997616
INFO:Iteration 6100, actual_batch_size 50, batch_loss 0.103115864098, acc 0.939999997616
INFO:Iteration 6120, actual_batch_size 50, batch_loss 0.00880589708686, acc 1.0
INFO:Iteration 6140, actual_batch_size 50, batch_loss 0.0909308344126, acc 0.939999938011
INFO:Iteration 6160, actual_batch_size 50, batch_loss 0.217675194144, acc 0.960000038147
INFO:Iteration 6180, actual_batch_size 50, batch_loss 0.00699614267796, acc 1.0
INFO:Iteration 6200, actual_batch_size 50, batch_loss 0.101747646928, acc 0.959999978542
INFO:Iteration 6220, actual_batch_size 50, batch_loss 0.0401895530522, acc 0.979999959469
INFO:Iteration 6240, actual_batch_size 50, batch_loss 0.0889654532075, acc 0.980000019073
INFO:Iteration 6260, actual_batch_size 50, batch_loss 0.138731777668, acc 0.959999978542
INFO:Iteration 6280, actual_batch_size 50, batch_loss 0.13684643805, acc 0.939999997616
INFO:Iteration 6300, actual_batch_size 50, batch_loss 0.117652624846, acc 0.979999959469
INFO:Iteration 6320, actual_batch_size 50, batch_loss 0.008928055875, acc 1.0
INFO:Iteration 6340, actual_batch_size 50, batch_loss 0.0778976306319, acc 0.980000019073
INFO:Iteration 6360, actual_batch_size 50, batch_loss 0.0365330353379, acc 0.980000019073
INFO:Iteration 6380, actual_batch_size 50, batch_loss 0.0125674530864, acc 1.0
INFO:Iteration 6400, actual_batch_size 50, batch_loss 0.240656286478, acc 0.939999997616
INFO:Iteration 6420, actual_batch_size 50, batch_loss 0.162264734507, acc 0.94000005722
INFO:Iteration 6440, actual_batch_size 50, batch_loss 0.0251073054969, acc 1.0
INFO:Iteration 6460, actual_batch_size 50, batch_loss 0.0674978718162, acc 0.980000019073
INFO:Iteration 6480, actual_batch_size 50, batch_loss 0.102009229362, acc 0.960000038147
INFO:Iteration 6500, actual_batch_size 50, batch_loss 0.0077159255743, acc 1.0
INFO:Iteration 6520, actual_batch_size 50, batch_loss 0.0571355819702, acc 0.959999978542
INFO:Iteration 6540, actual_batch_size 50, batch_loss 0.028632633388, acc 0.980000019073
INFO:Iteration 6560, actual_batch_size 50, batch_loss 0.0447784624994, acc 0.980000019073
INFO:Iteration 6580, actual_batch_size 50, batch_loss 0.245317324996, acc 0.960000038147
INFO:Iteration 6600, actual_batch_size 50, batch_loss 0.0789840891957, acc 0.980000019073
INFO:Iteration 6620, actual_batch_size 50, batch_loss 0.0179880224168, acc 1.0
INFO:Iteration 6640, actual_batch_size 50, batch_loss 0.161000907421, acc 0.939999997616
INFO:Iteration 6660, actual_batch_size 50, batch_loss 0.0617034547031, acc 0.960000038147
INFO:Iteration 6680, actual_batch_size 50, batch_loss 0.077888995409, acc 0.959999978542
INFO:Iteration 6700, actual_batch_size 50, batch_loss 0.0916581600904, acc 0.980000019073
INFO:Iteration 6720, actual_batch_size 50, batch_loss 0.201012209058, acc 0.959999978542
INFO:Iteration 6740, actual_batch_size 50, batch_loss 0.0313791781664, acc 0.980000019073
INFO:Iteration 6760, actual_batch_size 50, batch_loss 0.0583100281656, acc 0.960000038147
INFO:Iteration 6780, actual_batch_size 50, batch_loss 0.345807462931, acc 0.939999938011
INFO:Iteration 6800, actual_batch_size 50, batch_loss 0.0285709165037, acc 1.0
INFO:Iteration 6820, actual_batch_size 50, batch_loss 0.0136297075078, acc 1.0
INFO:Iteration 6840, actual_batch_size 50, batch_loss 0.00721117993817, acc 1.0
INFO:Iteration 6860, actual_batch_size 50, batch_loss 0.0885433480144, acc 0.960000038147
INFO:Iteration 6880, actual_batch_size 50, batch_loss 0.279342353344, acc 0.920000016689
INFO:Iteration 6900, actual_batch_size 50, batch_loss 0.269372284412, acc 0.94000005722
INFO:Iteration 6920, actual_batch_size 50, batch_loss 0.215617790818, acc 0.939999997616
INFO:Iteration 6940, actual_batch_size 50, batch_loss 0.0960822403431, acc 0.980000019073
INFO:Iteration 6960, actual_batch_size 50, batch_loss 0.0978223010898, acc 0.960000038147
INFO:Iteration 6980, actual_batch_size 50, batch_loss 0.187055125833, acc 0.939999997616
INFO:Iteration 7000, actual_batch_size 50, batch_loss 0.0178124792874, acc 1.0
INFO:Iteration 7020, actual_batch_size 50, batch_loss 0.102761566639, acc 0.980000019073
INFO:Iteration 7040, actual_batch_size 50, batch_loss 0.00562571687624, acc 1.0
INFO:Iteration 7060, actual_batch_size 50, batch_loss 0.00941966567189, acc 1.0
INFO:Iteration 7080, actual_batch_size 50, batch_loss 0.0904920101166, acc 0.979999959469
INFO:Iteration 7100, actual_batch_size 50, batch_loss 0.0677019134164, acc 0.959999978542
INFO:Iteration 7120, actual_batch_size 50, batch_loss 0.0513606071472, acc 0.980000019073
INFO:Iteration 7140, actual_batch_size 50, batch_loss 0.0495239123702, acc 0.980000019073
INFO:Iteration 7160, actual_batch_size 50, batch_loss 0.0649421587586, acc 0.980000019073
INFO:Iteration 7180, actual_batch_size 50, batch_loss 0.246734440327, acc 0.939999997616
INFO:Iteration 7200, actual_batch_size 50, batch_loss 0.0627011805773, acc 0.979999959469
INFO:Iteration 7220, actual_batch_size 50, batch_loss 0.173715651035, acc 0.959999978542
INFO:Iteration 7240, actual_batch_size 50, batch_loss 0.0533095635474, acc 0.980000019073
INFO:Iteration 7260, actual_batch_size 50, batch_loss 0.0416037328541, acc 0.980000019073
INFO:Iteration 7280, actual_batch_size 50, batch_loss 0.0243479348719, acc 0.980000019073
INFO:Iteration 7300, actual_batch_size 50, batch_loss 0.127600356936, acc 0.960000038147
INFO:Iteration 7320, actual_batch_size 50, batch_loss 0.21910110116, acc 0.939999997616
INFO:Iteration 7340, actual_batch_size 50, batch_loss 0.0605594627559, acc 0.959999978542
INFO:Iteration 7360, actual_batch_size 50, batch_loss 0.0339838601649, acc 0.980000019073
INFO:Iteration 7380, actual_batch_size 50, batch_loss 0.0754477232695, acc 0.979999959469
INFO:Iteration 7400, actual_batch_size 50, batch_loss 0.0343529097736, acc 0.980000019073
INFO:Iteration 7420, actual_batch_size 50, batch_loss 0.0135442363098, acc 1.0
INFO:Iteration 7440, actual_batch_size 50, batch_loss 0.00242296280339, acc 1.0
INFO:Iteration 7460, actual_batch_size 50, batch_loss 0.104365043342, acc 0.920000016689
INFO:Iteration 7480, actual_batch_size 50, batch_loss 0.037063959986, acc 1.0
INFO:Iteration 7500, actual_batch_size 50, batch_loss 0.0240441411734, acc 0.979999959469
INFO:Iteration 7520, actual_batch_size 50, batch_loss 0.194477260113, acc 0.94000005722
INFO:Iteration 7540, actual_batch_size 50, batch_loss 0.117194652557, acc 0.959999978542
INFO:Iteration 7560, actual_batch_size 50, batch_loss 0.0995131880045, acc 0.979999959469
INFO:Iteration 7580, actual_batch_size 50, batch_loss 0.201265469193, acc 0.960000038147
INFO:Iteration 7600, actual_batch_size 50, batch_loss 0.353901475668, acc 0.919999957085
INFO:Iteration 7620, actual_batch_size 50, batch_loss 0.276478201151, acc 0.900000035763
INFO:Iteration 7640, actual_batch_size 50, batch_loss 0.144881740212, acc 0.960000038147
INFO:Iteration 7660, actual_batch_size 50, batch_loss 0.0705394148827, acc 0.960000038147
INFO:Iteration 7680, actual_batch_size 50, batch_loss 0.0287350229919, acc 1.0
INFO:Iteration 7700, actual_batch_size 50, batch_loss 0.102767430246, acc 0.939999997616
INFO:Iteration 7720, actual_batch_size 50, batch_loss 0.187785238028, acc 0.959999978542
INFO:Iteration 7740, actual_batch_size 50, batch_loss 0.331630170345, acc 0.920000016689
INFO:Iteration 7760, actual_batch_size 50, batch_loss 0.0516042038798, acc 1.0
INFO:Iteration 7780, actual_batch_size 50, batch_loss 0.0582071021199, acc 0.960000038147
INFO:Iteration 7800, actual_batch_size 50, batch_loss 0.13110345602, acc 0.959999978542
INFO:Iteration 7820, actual_batch_size 50, batch_loss 0.184434220195, acc 0.939999938011
INFO:Iteration 7840, actual_batch_size 50, batch_loss 0.0598484165967, acc 0.960000038147
INFO:Iteration 7860, actual_batch_size 50, batch_loss 0.0772553831339, acc 0.960000038147
INFO:Iteration 7880, actual_batch_size 50, batch_loss 0.0165471155196, acc 1.0
INFO:Iteration 7900, actual_batch_size 50, batch_loss 0.208316758275, acc 0.959999978542
INFO:Iteration 7920, actual_batch_size 50, batch_loss 0.128408804536, acc 0.960000038147
INFO:Iteration 7940, actual_batch_size 50, batch_loss 0.288819342852, acc 0.920000016689
INFO:Iteration 7960, actual_batch_size 50, batch_loss 0.00442719599232, acc 1.0
INFO:Iteration 7980, actual_batch_size 50, batch_loss 0.120709821582, acc 0.959999978542
INFO:Iteration 8000, actual_batch_size 50, batch_loss 0.011255916208, acc 1.0
INFO:Iteration 8020, actual_batch_size 50, batch_loss 0.0387200824916, acc 0.980000019073
INFO:Iteration 8040, actual_batch_size 50, batch_loss 0.0854922607541, acc 0.980000019073
INFO:Iteration 8060, actual_batch_size 50, batch_loss 0.00312143750489, acc 1.0
INFO:Iteration 8080, actual_batch_size 50, batch_loss 0.0168019868433, acc 1.0
INFO:Iteration 8100, actual_batch_size 50, batch_loss 0.0911797210574, acc 0.939999997616
INFO:Iteration 8120, actual_batch_size 50, batch_loss 0.0658173337579, acc 0.980000019073
INFO:Iteration 8140, actual_batch_size 50, batch_loss 0.062122143805, acc 0.960000038147
INFO:Iteration 8160, actual_batch_size 50, batch_loss 0.0186270009726, acc 1.0
INFO:Iteration 8180, actual_batch_size 50, batch_loss 0.0736644566059, acc 0.980000019073
INFO:Iteration 8200, actual_batch_size 50, batch_loss 0.0492232851684, acc 0.980000019073
INFO:Iteration 8220, actual_batch_size 50, batch_loss 0.104319393635, acc 0.939999997616
INFO:Iteration 8240, actual_batch_size 50, batch_loss 0.21814340353, acc 0.959999978542
INFO:Iteration 8260, actual_batch_size 50, batch_loss 0.113475695252, acc 0.960000038147
INFO:Iteration 8280, actual_batch_size 50, batch_loss 0.122887820005, acc 0.979999959469
INFO:Iteration 8300, actual_batch_size 50, batch_loss 0.0746635422111, acc 0.980000019073
INFO:Iteration 8320, actual_batch_size 50, batch_loss 0.00463360035792, acc 1.0
INFO:Iteration 8340, actual_batch_size 50, batch_loss 0.0634134039283, acc 0.979999959469
INFO:Iteration 8360, actual_batch_size 50, batch_loss 0.142899736762, acc 0.959999978542
INFO:Iteration 8380, actual_batch_size 50, batch_loss 0.179097935557, acc 0.960000038147
INFO:Iteration 8400, actual_batch_size 50, batch_loss 0.00673520145938, acc 1.0
INFO:Iteration 8420, actual_batch_size 50, batch_loss 0.0411383919418, acc 0.980000019073
INFO:Iteration 8440, actual_batch_size 50, batch_loss 0.0423204898834, acc 1.0
INFO:Iteration 8460, actual_batch_size 50, batch_loss 0.0810546204448, acc 0.959999978542
INFO:Iteration 8480, actual_batch_size 50, batch_loss 0.0223343092948, acc 1.0
INFO:Iteration 8500, actual_batch_size 50, batch_loss 0.128848060966, acc 0.960000038147
INFO:Iteration 8520, actual_batch_size 50, batch_loss 0.0168608352542, acc 1.0
INFO:Iteration 8540, actual_batch_size 50, batch_loss 0.0924224108458, acc 0.94000005722
INFO:Iteration 8560, actual_batch_size 50, batch_loss 0.0138780260459, acc 1.0
INFO:Iteration 8580, actual_batch_size 50, batch_loss 0.0670710504055, acc 0.980000019073
INFO:Iteration 8600, actual_batch_size 50, batch_loss 0.0242274329066, acc 1.0
INFO:Iteration 8620, actual_batch_size 50, batch_loss 0.0765197202563, acc 0.979999959469
INFO:Iteration 8640, actual_batch_size 50, batch_loss 0.00787043571472, acc 1.0
INFO:Iteration 8660, actual_batch_size 50, batch_loss 0.195153310895, acc 0.939999997616
INFO:Iteration 8680, actual_batch_size 50, batch_loss 0.0098177716136, acc 1.0
INFO:Iteration 8700, actual_batch_size 50, batch_loss 0.0889240428805, acc 0.960000038147
INFO:Iteration 8720, actual_batch_size 50, batch_loss 0.0435953810811, acc 0.979999959469
INFO:Iteration 8740, actual_batch_size 50, batch_loss 0.0316160134971, acc 0.980000019073
INFO:Iteration 8760, actual_batch_size 50, batch_loss 0.0316865555942, acc 0.980000019073
INFO:Iteration 8780, actual_batch_size 50, batch_loss 0.0795572027564, acc 0.960000038147
INFO:Iteration 8800, actual_batch_size 50, batch_loss 0.0586476325989, acc 1.0
INFO:Iteration 8820, actual_batch_size 50, batch_loss 0.0561057142913, acc 0.959999978542
INFO:Iteration 8840, actual_batch_size 50, batch_loss 0.103016853333, acc 0.959999978542
INFO:Iteration 8860, actual_batch_size 50, batch_loss 0.312965750694, acc 0.879999995232
INFO:Iteration 8880, actual_batch_size 50, batch_loss 0.297681421041, acc 0.939999997616
INFO:Iteration 8900, actual_batch_size 50, batch_loss 0.242097169161, acc 0.920000016689
INFO:Iteration 8920, actual_batch_size 50, batch_loss 0.0262311808765, acc 1.0
INFO:Iteration 8940, actual_batch_size 50, batch_loss 0.104874506593, acc 0.959999978542
INFO:Iteration 8960, actual_batch_size 50, batch_loss 0.222594276071, acc 0.939999938011
INFO:Iteration 8980, actual_batch_size 50, batch_loss 0.0414299815893, acc 0.980000019073
INFO:Iteration 9000, actual_batch_size 50, batch_loss 0.0854388326406, acc 0.980000019073
INFO:Iteration 9020, actual_batch_size 50, batch_loss 0.0630322545767, acc 0.979999959469
INFO:Iteration 9040, actual_batch_size 50, batch_loss 0.0455187782645, acc 0.980000019073
INFO:Iteration 9060, actual_batch_size 50, batch_loss 0.176392748952, acc 0.960000038147
INFO:Iteration 9080, actual_batch_size 50, batch_loss 0.197415351868, acc 0.960000038147
INFO:Iteration 9100, actual_batch_size 50, batch_loss 0.0567660965025, acc 0.979999959469
INFO:Iteration 9120, actual_batch_size 50, batch_loss 0.083367459476, acc 0.959999978542
INFO:Iteration 9140, actual_batch_size 50, batch_loss 0.084854632616, acc 0.980000019073
INFO:Iteration 9160, actual_batch_size 50, batch_loss 0.075325243175, acc 0.979999959469
INFO:Iteration 9180, actual_batch_size 50, batch_loss 0.190388262272, acc 0.939999997616
INFO:Iteration 9200, actual_batch_size 50, batch_loss 0.242732912302, acc 0.920000016689
INFO:Iteration 9220, actual_batch_size 50, batch_loss 0.0476444773376, acc 0.980000019073
INFO:Iteration 9240, actual_batch_size 50, batch_loss 0.0848286524415, acc 0.980000019073
INFO:Iteration 9260, actual_batch_size 50, batch_loss 0.00495373178273, acc 1.0
INFO:Iteration 9280, actual_batch_size 50, batch_loss 0.12968043983, acc 0.960000038147
INFO:Iteration 9300, actual_batch_size 50, batch_loss 0.00564621854573, acc 1.0
INFO:Iteration 9320, actual_batch_size 50, batch_loss 0.0735731869936, acc 0.960000038147
INFO:Iteration 9340, actual_batch_size 50, batch_loss 0.0405402295291, acc 0.979999959469
INFO:Iteration 9360, actual_batch_size 50, batch_loss 0.0199411138892, acc 1.0
INFO:Iteration 9380, actual_batch_size 50, batch_loss 0.00737234717235, acc 1.0
INFO:Iteration 9400, actual_batch_size 50, batch_loss 0.0153371691704, acc 1.0
INFO:Iteration 9420, actual_batch_size 50, batch_loss 0.00515173841268, acc 1.0
INFO:Iteration 9440, actual_batch_size 50, batch_loss 0.0207382701337, acc 1.0
INFO:Iteration 9460, actual_batch_size 50, batch_loss 0.121716976166, acc 0.959999978542
INFO:Iteration 9480, actual_batch_size 50, batch_loss 0.11358961463, acc 0.959999978542
INFO:Iteration 9500, actual_batch_size 50, batch_loss 0.0119324335828, acc 1.0
INFO:Iteration 9520, actual_batch_size 50, batch_loss 0.0561854094267, acc 0.979999959469
INFO:Iteration 9540, actual_batch_size 50, batch_loss 0.0594009160995, acc 0.980000019073
INFO:Iteration 9560, actual_batch_size 50, batch_loss 0.0301365852356, acc 1.0
INFO:Iteration 9580, actual_batch_size 50, batch_loss 0.058519795537, acc 0.980000019073
INFO:Iteration 9600, actual_batch_size 50, batch_loss 0.390040904284, acc 0.899999976158
INFO:Iteration 9620, actual_batch_size 50, batch_loss 0.0174165908247, acc 1.0
INFO:Iteration 9640, actual_batch_size 50, batch_loss 0.119802996516, acc 0.960000038147
INFO:Iteration 9660, actual_batch_size 50, batch_loss 0.140837162733, acc 0.980000019073
INFO:Iteration 9680, actual_batch_size 50, batch_loss 0.0145184611902, acc 1.0
INFO:Iteration 9700, actual_batch_size 50, batch_loss 0.0831307470798, acc 0.94000005722
INFO:Iteration 9720, actual_batch_size 50, batch_loss 0.334060639143, acc 0.899999976158
INFO:Iteration 9740, actual_batch_size 50, batch_loss 0.0219479370862, acc 0.979999959469
INFO:Iteration 9760, actual_batch_size 50, batch_loss 0.0884788483381, acc 0.980000019073
INFO:Iteration 9780, actual_batch_size 50, batch_loss 0.0790881067514, acc 0.980000019073
INFO:Iteration 9800, actual_batch_size 50, batch_loss 0.0824483111501, acc 0.979999959469
INFO:Iteration 9820, actual_batch_size 50, batch_loss 0.139803826809, acc 0.960000038147
INFO:Iteration 9840, actual_batch_size 50, batch_loss 0.00331672513857, acc 1.0
INFO:Iteration 9860, actual_batch_size 50, batch_loss 0.0602655857801, acc 0.979999959469
INFO:Iteration 9880, actual_batch_size 50, batch_loss 0.0812226831913, acc 0.959999978542
INFO:Iteration 9900, actual_batch_size 50, batch_loss 0.071886330843, acc 0.979999959469
INFO:Iteration 9920, actual_batch_size 50, batch_loss 0.000557069666684, acc 1.0
INFO:Iteration 9940, actual_batch_size 50, batch_loss 0.126437604427, acc 0.979999959469
INFO:Iteration 9960, actual_batch_size 50, batch_loss 0.0700917765498, acc 0.979999959469
INFO:Iteration 9980, actual_batch_size 50, batch_loss 0.0886547118425, acc 0.959999978542
